<?xml version="1.0" encoding="UTF-8"?>
<testng-results skipped="0" failed="0" ignored="0" total="1" passed="1">
  <reporter-output>
  </reporter-output>
  <suite name="shrineAutomation" duration-ms="67335" started-at="2022-03-01T03:35:38Z" finished-at="2022-03-01T03:36:45Z">
    <groups>
    </groups>
    <test name="RegressionBasic" duration-ms="67335" started-at="2022-03-01T03:35:38Z" finished-at="2022-03-01T03:36:45Z">
      <class name="testcase.ShrineAutomation">
        <test-method status="PASS" signature="SelectProduct()[pri:0, instance:testcase.ShrineAutomation@16746061]" name="SelectProduct" duration-ms="67217" started-at="2022-03-01T10:35:38Z" finished-at="2022-03-01T10:36:45Z">
          <reporter-output>
          </reporter-output>
        </test-method> <!-- SelectProduct -->
      </class> <!-- testcase.ShrineAutomation -->
    </test> <!-- RegressionBasic -->
  </suite> <!-- shrineAutomation -->
</testng-results>
