<?xml version="1.0" encoding="UTF-8"?>
<testsuite xmlns:xsi="http://www.w3.org/2001/XMLSchema-instance" xsi:noNamespaceSchemaLocation="https://maven.apache.org/surefire/maven-surefire-plugin/xsd/surefire-test-report-3.0.xsd" version="3.0" name="TestSuite" time="68.039" tests="1" errors="0" skipped="0" failures="0">
  <properties>
[...]
</properties>
  <testcase name="SelectProduct" classname="testcase.ShrineAutomation" time="67.219">
    <system-out><![CDATA[Start Run Testcase : SelectProduct
INITIATING APPIUM DRIVER
ScreenHeight=1920
ScreenWidth=1080
~~FINISH INITIATING APPIUM DRIVER
Success Load
]]></system-out>
    <system-err><![CDATA[Mar 01, 2022 10:35:49 AM io.appium.java_client.remote.AppiumCommandExecutor$1 lambda$0
INFO: Detected dialect: W3C
]]></system-err>
  </testcase>
</testsuite>